#
# A fatal error has been detected by the Java Runtime Environment:
#
#  EXCEPTION_ACCESS_VIOLATION (0xc0000005) at pc=0x00007ffba8d21be9, pid=38744, tid=15968
#
# JRE version:  (17.0.5+1) (build )
# Java VM: OpenJDK 64-Bit Server VM (17.0.5+1-b653.25, mixed mode, sharing, tiered, unknown gc, windows-amd64)
# Problematic frame:
# C  [jimage.dll+0x1be9]
#
# No core dump will be written. Minidumps are not enabled by default on client versions of Windows
#
#

---------------  S U M M A R Y ------------

Command Line: 

Host: AMD Ryzen 7 Microsoft Surface (R) Edition, 16 cores, 7G,  Windows 11 , 64 bit Build 22621 (10.0.22621.3527)
Time: Tue May 28 15:45:35 2024 Pacific Daylight Time elapsed time: 0.011154 seconds (0d 0h 0m 0s)

---------------  T H R E A D  ---------------

Current thread is native thread

Stack: [0x000000322e000000,0x000000322e100000],  sp=0x000000322e0fd410,  free space=1013k
Native frames: (J=compiled Java code, j=interpreted, Vv=VM code, C=native code)
C  [jimage.dll+0x1be9]
C  [jimage.dll+0x1d77]
C  [jimage.dll+0x2655]
V  [jvm.dll+0x1f44ba]
V  [jvm.dll+0xb04fe]
V  [jvm.dll+0x7efd3c]
V  [jvm.dll+0x3f0cbf]
V  [jvm.dll+0x3f2801]
C  [jli.dll+0x526b]
C  [ucrtbase.dll+0x29333]
C  [KERNEL32.DLL+0x1257d]
C  [ntdll.dll+0x5aa48]


siginfo: EXCEPTION_ACCESS_VIOLATION (0xc0000005), reading address 0x0000000000018eec


Registers:
RAX=0x00000000000063b4, RBX=0x000000322e0fd501, RCX=0x00007ffba8d26000, RDX=0x00000000000063b4
RSP=0x000000322e0fd410, RBP=0x000000322e0fd500, RSI=0x0000000000007532, RDI=0x000000322e0fd500
R8 =0x00007ffba8d24288, R9 =0x000000000000001c, R10=0x00007ffbad950000, R11=0x00007ffba8d26000
R12=0x0000000000000001, R13=0x000001dd8b2c4300, R14=0x000000322e0fe570, R15=0x00007ffb74852d08
RIP=0x00007ffba8d21be9, EFLAGS=0x0000000000010212

Top of Stack: (sp=0x000000322e0fd410)
0x000000322e0fd410:   000001dd8b170bd8 0000000025000520
0x000000322e0fd420:   000001dd8b170bf0 000001dd8b170bac
0x000000322e0fd430:   000001dd8b2ec1e0 00007ffba8d21d77
0x000000322e0fd440:   000000000000000b 000001dd8b2ec1e0
0x000000322e0fd450:   00000000000006f5 00000000000006f5
0x000000322e0fd460:   00000000000006f5 00007ffbb571423a
0x000000322e0fd470:   000001dd8b2b40c0 000001dd25000520
0x000000322e0fd480:   000001dd8b2b0000 00007ffb25000520
0x000000322e0fd490:   00000000000006f5 000001dd8d510080
0x000000322e0fd4a0:   00003336b0520569 000001dd8b2b0150
0x000000322e0fd4b0:   00007ffb748315b0 0000000000000017
0x000000322e0fd4c0:   000001dd8b2ec1e0 000000322e0fe570
0x000000322e0fd4d0:   000000000000000b 00007ffba8d22655
0x000000322e0fd4e0:   000001dd8b2b0000 00007ffb25000520
0x000000322e0fd4f0:   0000000000000773 000001dd8d5338a0
0x000000322e0fd500:   61622e6176616a2f 692f6b646a2f6573 

Instructions: (pc=0x00007ffba8d21be9)
0x00007ffba8d21ae9:   48 85 c9 74 1d 80 3d 1b 45 00 00 00 74 06 48 8b
0x00007ffba8d21af9:   53 18 eb 04 48 8b 53 40 e8 ae 0e 00 00 48 83 63
0x00007ffba8d21b09:   48 00 8b 4b 0c 83 f9 ff 74 09 e8 e4 0c 00 00 83
0x00007ffba8d21b19:   4b 0c ff 48 8b 4b 70 48 85 c9 74 0f ba 10 00 00
0x00007ffba8d21b29:   00 e8 fd 0e 00 00 48 83 63 70 00 48 83 c4 20 5b
0x00007ffba8d21b39:   c3 cc cc 40 53 48 83 ec 20 48 8b d9 48 8d 0d d4
0x00007ffba8d21b49:   46 00 00 e8 b3 0c 00 00 83 6b 08 01 75 24 48 8b
0x00007ffba8d21b59:   d3 48 8d 0d b7 44 00 00 e8 22 08 00 00 48 8b cb
0x00007ffba8d21b69:   e8 de fe ff ff ba 78 00 00 00 48 8b cb e8 b1 0e
0x00007ffba8d21b79:   00 00 48 8d 0d 9e 46 00 00 48 83 c4 20 5b e9 80
0x00007ffba8d21b89:   0c 00 00 48 89 5c 24 08 48 89 74 24 10 57 48 83
0x00007ffba8d21b99:   ec 20 41 8b f1 4d 8b c8 48 8b fa 4c 8b d9 4d 85
0x00007ffba8d21ba9:   c0 74 78 85 f6 74 74 44 8a 12 48 8d 5a 01 48 8b
0x00007ffba8d21bb9:   d3 b8 93 01 00 01 eb 12 69 c0 93 01 00 01 41 0f
0x00007ffba8d21bc9:   b6 ca 44 8a 12 33 c1 48 ff c2 45 84 d2 75 e9 4d
0x00007ffba8d21bd9:   8b 03 0f ba f0 1f 33 d2 49 8b cb f7 f6 48 63 c2
0x00007ffba8d21be9:   41 8b 14 81 41 ff 50 08 85 c0 7e 24 8a 0f eb 10
0x00007ffba8d21bf9:   69 c0 93 01 00 01 0f b6 c9 33 c1 8a 0b 48 ff c3
0x00007ffba8d21c09:   84 c9 75 ec 0f ba f0 1f 33 d2 f7 f6 8b c2 eb 0e
0x00007ffba8d21c19:   79 09 83 c9 ff 2b c8 8b c1 eb 03 83 c8 ff 48 8b
0x00007ffba8d21c29:   5c 24 30 48 8b 74 24 38 48 83 c4 20 5f c3 cc 48
0x00007ffba8d21c39:   89 5c 24 08 48 89 74 24 10 57 48 83 ec 20 48 8b
0x00007ffba8d21c49:   f1 48 8d 0d cf 45 00 00 e8 ae 0b 00 00 33 ff 39
0x00007ffba8d21c59:   3d ba 43 00 00 76 24 48 8b 05 b9 43 00 00 48 8b
0x00007ffba8d21c69:   d6 48 8b 1c f8 48 8b 0b e8 64 1e 00 00 85 c0 74
0x00007ffba8d21c79:   2b ff c7 3b 3d 96 43 00 00 72 dc 33 db 48 8d 0d
0x00007ffba8d21c89:   93 45 00 00 e8 7a 0b 00 00 48 8b 74 24 38 48 8b
0x00007ffba8d21c99:   c3 48 8b 5c 24 30 48 83 c4 20 5f c3 ff 43 08 eb
0x00007ffba8d21ca9:   dc cc cc 48 89 5c 24 08 48 89 74 24 10 57 48 83
0x00007ffba8d21cb9:   ec 20 48 8b d9 48 8b f2 48 8b 49 10 49 8b f8 8b
0x00007ffba8d21cc9:   53 30 48 8b 01 ff 50 20 4c 8b 43 50 48 8b d6 48
0x00007ffba8d21cd9:   8b 4b 10 44 8b c8 e8 a8 fe ff ff 83 f8 ff 74 38 



---------------  P R O C E S S  ---------------

VM state: not at safepoint (not fully initialized)

VM Mutex/Monitor currently owned by a thread: None

GC Precious Log:
<Not initialized>


Dynamic libraries:
0x00007ff692bb0000 - 0x00007ff692bba000 	C:\Program Files\JetBrains\IntelliJ IDEA Community Edition 2022.3.2\jbr\bin\java.exe
0x00007ffbb56d0000 - 0x00007ffbb58e7000 	C:\WINDOWS\SYSTEM32\ntdll.dll
0x00007ffbb4c60000 - 0x00007ffbb4d24000 	C:\WINDOWS\System32\KERNEL32.DLL
0x00007ffbb2cd0000 - 0x00007ffbb3077000 	C:\WINDOWS\System32\KERNELBASE.dll
0x00007ffbb2b10000 - 0x00007ffbb2c21000 	C:\WINDOWS\System32\ucrtbase.dll
0x00007ffb91bf0000 - 0x00007ffb91c07000 	C:\Program Files\JetBrains\IntelliJ IDEA Community Edition 2022.3.2\jbr\bin\jli.dll
0x00007ffbad950000 - 0x00007ffbad96b000 	C:\Program Files\JetBrains\IntelliJ IDEA Community Edition 2022.3.2\jbr\bin\VCRUNTIME140.dll
0x00007ffbb4de0000 - 0x00007ffbb4f8e000 	C:\WINDOWS\System32\USER32.dll
0x00007ffbb33d0000 - 0x00007ffbb33f6000 	C:\WINDOWS\System32\win32u.dll
0x00007ffb97e20000 - 0x00007ffb980b3000 	C:\WINDOWS\WinSxS\amd64_microsoft.windows.common-controls_6595b64144ccf1df_6.0.22621.3527_none_270e469b73872a76\COMCTL32.dll
0x00007ffbb3dd0000 - 0x00007ffbb3df9000 	C:\WINDOWS\System32\GDI32.dll
0x00007ffbb3e40000 - 0x00007ffbb3ee7000 	C:\WINDOWS\System32\msvcrt.dll
0x00007ffbb29f0000 - 0x00007ffbb2b09000 	C:\WINDOWS\System32\gdi32full.dll
0x00007ffbb3080000 - 0x00007ffbb311a000 	C:\WINDOWS\System32\msvcp_win.dll
0x00007ffbb3e00000 - 0x00007ffbb3e31000 	C:\WINDOWS\System32\IMM32.DLL
0x00007ffbad5b0000 - 0x00007ffbad5bc000 	C:\Program Files\JetBrains\IntelliJ IDEA Community Edition 2022.3.2\jbr\bin\vcruntime140_1.dll
0x00007ffba8c40000 - 0x00007ffba8ccd000 	C:\Program Files\JetBrains\IntelliJ IDEA Community Edition 2022.3.2\jbr\bin\msvcp140.dll
0x00007ffb73f10000 - 0x00007ffb74b7b000 	C:\Program Files\JetBrains\IntelliJ IDEA Community Edition 2022.3.2\jbr\bin\server\jvm.dll
0x00007ffbb50f0000 - 0x00007ffbb51a2000 	C:\WINDOWS\System32\ADVAPI32.dll
0x00007ffbb4d30000 - 0x00007ffbb4dd8000 	C:\WINDOWS\System32\sechost.dll
0x00007ffbb2c30000 - 0x00007ffbb2c58000 	C:\WINDOWS\System32\bcrypt.dll
0x00007ffbb3ab0000 - 0x00007ffbb3bc5000 	C:\WINDOWS\System32\RPCRT4.dll
0x00007ffba8d70000 - 0x00007ffba8da4000 	C:\WINDOWS\SYSTEM32\WINMM.dll
0x00007ffba8ae0000 - 0x00007ffba8ae9000 	C:\WINDOWS\SYSTEM32\WSOCK32.dll
0x00007ffba6f40000 - 0x00007ffba6f4a000 	C:\WINDOWS\SYSTEM32\VERSION.dll
0x00007ffbb3f00000 - 0x00007ffbb3f71000 	C:\WINDOWS\System32\WS2_32.dll
0x00007ffbb1a60000 - 0x00007ffbb1a78000 	C:\WINDOWS\SYSTEM32\kernel.appcore.dll
0x00007ffba8d20000 - 0x00007ffba8d2a000 	C:\Program Files\JetBrains\IntelliJ IDEA Community Edition 2022.3.2\jbr\bin\jimage.dll
0x00007ffbafc80000 - 0x00007ffbafeb2000 	C:\WINDOWS\SYSTEM32\DBGHELP.DLL
0x00007ffbb3690000 - 0x00007ffbb3a18000 	C:\WINDOWS\System32\combase.dll
0x00007ffbb4a80000 - 0x00007ffbb4b57000 	C:\WINDOWS\System32\OLEAUT32.dll
0x00007ffba1510000 - 0x00007ffba1542000 	C:\WINDOWS\SYSTEM32\dbgcore.DLL
0x00007ffbb3290000 - 0x00007ffbb3309000 	C:\WINDOWS\System32\bcryptPrimitives.dll

dbghelp: loaded successfully - version: 4.0.5 - missing functions: none
symbol engine: initialized successfully - sym options: 0x614 - pdb path: .;C:\Program Files\JetBrains\IntelliJ IDEA Community Edition 2022.3.2\jbr\bin;C:\WINDOWS\SYSTEM32;C:\WINDOWS\WinSxS\amd64_microsoft.windows.common-controls_6595b64144ccf1df_6.0.22621.3527_none_270e469b73872a76;C:\Program Files\JetBrains\IntelliJ IDEA Community Edition 2022.3.2\jbr\bin\server

VM Arguments:
java_command: <unknown>
java_class_path (initial): <not set>
Launcher Type: SUN_STANDARD

[Global flags]
     bool UseLargePagesIndividualAllocation        = false                                  {pd product} {ergonomic}

Logging:
Log output configuration:
 #0: stdout all=warning uptime,level,tags
 #1: stderr all=off uptime,level,tags

Environment Variables:
JAVA_HOME=C:\Program Files\Java\jdk-17
PATH=C:/Program Files/Git/mingw64/libexec/git-core;C:/Program Files/Git/mingw64/libexec/git-core;C:\Program Files\Git\mingw64\bin;C:\Program Files\Git\usr\bin;C:\Users\guofe\bin;C:\Program Files\Common Files\Oracle\Java\javapath;C:\Program Files (x86)\Common Files\Oracle\Java\javapath;C:\Program Files (x86)\VMware\VMware Workstation\bin\;C:\WINDOWS\system32;C:\WINDOWS;C:\WINDOWS\System32\Wbem;C:\WINDOWS\System32\WindowsPowerShell\v1.0\;C:\WINDOWS\System32\OpenSSH\;C:\Gradle\gradle-7.6\bin;C:\Program Files\Java\jdk-17\bin;C:\apache-maven-3.9.0\bin;C:\Program Files\MySQL\MySQL Server 8.0\bin;C:\Program Files (x86)\NetSarang\Xshell 7\;C:\Program Files (x86)\NetSarang\Xftp 7\;C:\Program Files\Docker\Docker\resources\bin;C:\ProgramData\chocolatey\bin;C:\Program Files\dotnet\;C:\Users\guofe\AppData\Local\Microsoft\WindowsApps;C:\Users\guofe\AppData\Local\GitHubDesktop\bin;C:\Users\guofe\AppData\Local\Programs\Fiddler;C:\Users\guofe\AppData\Local\Programs\Microsoft VS Code\bin
USERNAME=guofe
DISPLAY=:0.0
LC_ALL=en_US.UTF-8
TERM=xterm-256color
TMPDIR=C:\Users\guofe\AppData\Local\Temp
OS=Windows_NT
PROCESSOR_IDENTIFIER=AMD64 Family 23 Model 96 Stepping 1, AuthenticAMD
TMP=C:\Users\guofe\AppData\Local\Temp
TEMP=C:\Users\guofe\AppData\Local\Temp



---------------  S Y S T E M  ---------------

OS:
 Windows 11 , 64 bit Build 22621 (10.0.22621.3527)
OS uptime: 5 days 5:50 hours

CPU: total 16 (initial active 0) 

Memory: 4k page, system-wide physical 7631M (452M free)
TotalPageFile size 31183M (AvailPageFile size 1M)
current process WorkingSet (physical memory assigned to process): 8M, peak: 8M
current process commit charge ("private bytes"): 3M, peak: 3M

vm_info: OpenJDK 64-Bit Server VM (17.0.5+1-b653.25) for windows-amd64 JRE (17.0.5+1-b653.25), built on 2023-01-04 by "builduser" with MS VC++ 16.10 / 16.11 (VS2019)

END.
