#
# There is insufficient memory for the Java Runtime Environment to continue.
# Native memory allocation (mmap) failed to map 125829120 bytes for G1 virtual space
# Possible reasons:
#   The system is out of physical RAM or swap space
#   The process is running with CompressedOops enabled, and the Java Heap may be blocking the growth of the native heap
# Possible solutions:
#   Reduce memory load on the system
#   Increase physical memory or swap space
#   Check if swap backing store is full
#   Decrease Java heap size (-Xmx/-Xms)
#   Decrease number of Java threads
#   Decrease Java thread stack sizes (-Xss)
#   Set larger code cache with -XX:ReservedCodeCacheSize=
#   JVM is running with Unscaled Compressed Oops mode in which the Java heap is
#     placed in the first 4GB address space. The Java Heap base address is the
#     maximum limit for the native heap growth. Please use -XX:HeapBaseMinAddress
#     to set the Java Heap base and to place the Java Heap above 4GB virtual address.
# This output file may be truncated or incomplete.
#
#  Out of Memory Error (os_windows.cpp:3760), pid=6596, tid=35248
#
# JRE version:  (17.0.5+1) (build )
# Java VM: OpenJDK 64-Bit Server VM (17.0.5+1-b653.25, mixed mode, sharing, tiered, compressed oops, compressed class ptrs, g1 gc, windows-amd64)
# No core dump will be written. Minidumps are not enabled by default on client versions of Windows
#

---------------  S U M M A R Y ------------

Command Line: git4idea.http.GitAskPassApp Username for 'https://github.com': 

Host: AMD Ryzen 7 Microsoft Surface (R) Edition, 16 cores, 7G,  Windows 11 , 64 bit Build 22621 (10.0.22621.3527)
Time: Tue May 28 21:05:32 2024 Pacific Daylight Time elapsed time: 0.016085 seconds (0d 0h 0m 0s)

---------------  T H R E A D  ---------------

Current thread (0x000001b9c1b53cd0):  JavaThread "Unknown thread" [_thread_in_vm, id=35248, stack(0x0000007333700000,0x0000007333800000)]

Stack: [0x0000007333700000,0x0000007333800000]
Native frames: (J=compiled Java code, j=interpreted, Vv=VM code, C=native code)
V  [jvm.dll+0x6830ca]
V  [jvm.dll+0x83f4c4]
V  [jvm.dll+0x840c6e]
V  [jvm.dll+0x8412d3]
V  [jvm.dll+0x2490b5]
V  [jvm.dll+0x67ff99]
V  [jvm.dll+0x6744aa]
V  [jvm.dll+0x308f2b]
V  [jvm.dll+0x3103e6]
V  [jvm.dll+0x36013e]
V  [jvm.dll+0x36036f]
V  [jvm.dll+0x2df018]
V  [jvm.dll+0x2dff84]
V  [jvm.dll+0x810d91]
V  [jvm.dll+0x36df31]
V  [jvm.dll+0x7f028c]
V  [jvm.dll+0x3f0cbf]
V  [jvm.dll+0x3f2801]
C  [jli.dll+0x526b]
C  [ucrtbase.dll+0x29333]
C  [KERNEL32.DLL+0x1257d]
C  [ntdll.dll+0x5aa48]


---------------  P R O C E S S  ---------------

Threads class SMR info:
_java_thread_list=0x00007ffb74a48f98, length=0, elements={
}

Java Threads: ( => current thread )

Other Threads:
  0x000001b9c1bac040 GCTaskThread "GC Thread#0" [stack: 0x0000007333800000,0x0000007333900000] [id=37036]
  0x000001b9c1bbbe00 ConcurrentGCThread "G1 Main Marker" [stack: 0x0000007333900000,0x0000007333a00000] [id=34660]
  0x000001b9c1bbc810 ConcurrentGCThread "G1 Conc#0" [stack: 0x0000007333a00000,0x0000007333b00000] [id=12264]

[error occurred during error reporting (printing all threads), id 0xc0000005, EXCEPTION_ACCESS_VIOLATION (0xc0000005) at pc=0x00007ffb741ffbd7]

VM state: not at safepoint (not fully initialized)

VM Mutex/Monitor currently owned by a thread:  ([mutex/lock_event])
[0x000001b9c1b4da70] Heap_lock - owner thread: 0x000001b9c1b53cd0

Heap address: 0x0000000088c00000, size: 1908 MB, Compressed Oops mode: 32-bit

CDS archive(s) mapped at: [0x0000000000000000-0x0000000000000000-0x0000000000000000), size 0, SharedBaseAddress: 0x0000000800000000, ArchiveRelocationMode: 0.
Narrow klass base: 0x0000000000000000, Narrow klass shift: 0, Narrow klass range: 0x0

GC Precious Log:
<Empty>

Heap:
 garbage-first heap   total 0K, used 0K [0x0000000088c00000, 0x0000000100000000)
  region size 1024K, 0 young (0K), 0 survivors (0K)

[error occurred during error reporting (printing heap information), id 0xc0000005, EXCEPTION_ACCESS_VIOLATION (0xc0000005) at pc=0x00007ffb745ecd59]

GC Heap History (0 events):
No events

Dll operation events (1 events):
Event: 0.011 Loaded shared library C:\Program Files\JetBrains\IntelliJ IDEA Community Edition 2022.3.2\jbr\bin\java.dll

Deoptimization events (0 events):
No events

Classes unloaded (0 events):
No events

Classes redefined (0 events):
No events

Internal exceptions (0 events):
No events

VM Operations (0 events):
No events

Events (0 events):
No events


Dynamic libraries:
0x00007ff692bb0000 - 0x00007ff692bba000 	C:\Program Files\JetBrains\IntelliJ IDEA Community Edition 2022.3.2\jbr\bin\java.exe
0x00007ffbb56d0000 - 0x00007ffbb58e7000 	C:\WINDOWS\SYSTEM32\ntdll.dll
0x00007ffbb4c60000 - 0x00007ffbb4d24000 	C:\WINDOWS\System32\KERNEL32.DLL
0x00007ffbb2cd0000 - 0x00007ffbb3077000 	C:\WINDOWS\System32\KERNELBASE.dll
0x00007ffbb2b10000 - 0x00007ffbb2c21000 	C:\WINDOWS\System32\ucrtbase.dll
0x00007ffbad9c0000 - 0x00007ffbad9db000 	C:\Program Files\JetBrains\IntelliJ IDEA Community Edition 2022.3.2\jbr\bin\VCRUNTIME140.dll
0x00007ffb91bf0000 - 0x00007ffb91c07000 	C:\Program Files\JetBrains\IntelliJ IDEA Community Edition 2022.3.2\jbr\bin\jli.dll
0x00007ffbb4de0000 - 0x00007ffbb4f8e000 	C:\WINDOWS\System32\USER32.dll
0x00007ffb97e20000 - 0x00007ffb980b3000 	C:\WINDOWS\WinSxS\amd64_microsoft.windows.common-controls_6595b64144ccf1df_6.0.22621.3527_none_270e469b73872a76\COMCTL32.dll
0x00007ffbb3e40000 - 0x00007ffbb3ee7000 	C:\WINDOWS\System32\msvcrt.dll
0x00007ffbb33d0000 - 0x00007ffbb33f6000 	C:\WINDOWS\System32\win32u.dll
0x00007ffbb3dd0000 - 0x00007ffbb3df9000 	C:\WINDOWS\System32\GDI32.dll
0x00007ffbb29f0000 - 0x00007ffbb2b09000 	C:\WINDOWS\System32\gdi32full.dll
0x00007ffbb3080000 - 0x00007ffbb311a000 	C:\WINDOWS\System32\msvcp_win.dll
0x00007ffbb3e00000 - 0x00007ffbb3e31000 	C:\WINDOWS\System32\IMM32.DLL
0x00007ffbad9b0000 - 0x00007ffbad9bc000 	C:\Program Files\JetBrains\IntelliJ IDEA Community Edition 2022.3.2\jbr\bin\vcruntime140_1.dll
0x00007ffba8c40000 - 0x00007ffba8ccd000 	C:\Program Files\JetBrains\IntelliJ IDEA Community Edition 2022.3.2\jbr\bin\msvcp140.dll
0x00007ffb73f10000 - 0x00007ffb74b7b000 	C:\Program Files\JetBrains\IntelliJ IDEA Community Edition 2022.3.2\jbr\bin\server\jvm.dll
0x00007ffbb50f0000 - 0x00007ffbb51a2000 	C:\WINDOWS\System32\ADVAPI32.dll
0x00007ffbb4d30000 - 0x00007ffbb4dd8000 	C:\WINDOWS\System32\sechost.dll
0x00007ffbb2c30000 - 0x00007ffbb2c58000 	C:\WINDOWS\System32\bcrypt.dll
0x00007ffbb3ab0000 - 0x00007ffbb3bc5000 	C:\WINDOWS\System32\RPCRT4.dll
0x00007ffba8d70000 - 0x00007ffba8da4000 	C:\WINDOWS\SYSTEM32\WINMM.dll
0x00007ffba8ae0000 - 0x00007ffba8ae9000 	C:\WINDOWS\SYSTEM32\WSOCK32.dll
0x00007ffba6f40000 - 0x00007ffba6f4a000 	C:\WINDOWS\SYSTEM32\VERSION.dll
0x00007ffbb3f00000 - 0x00007ffbb3f71000 	C:\WINDOWS\System32\WS2_32.dll
0x00007ffbb1a60000 - 0x00007ffbb1a78000 	C:\WINDOWS\SYSTEM32\kernel.appcore.dll
0x00007ffba8d20000 - 0x00007ffba8d2a000 	C:\Program Files\JetBrains\IntelliJ IDEA Community Edition 2022.3.2\jbr\bin\jimage.dll
0x00007ffbafc80000 - 0x00007ffbafeb2000 	C:\WINDOWS\SYSTEM32\DBGHELP.DLL
0x00007ffbb3690000 - 0x00007ffbb3a18000 	C:\WINDOWS\System32\combase.dll
0x00007ffbb4a80000 - 0x00007ffbb4b57000 	C:\WINDOWS\System32\OLEAUT32.dll
0x00007ffba1510000 - 0x00007ffba1542000 	C:\WINDOWS\SYSTEM32\dbgcore.DLL
0x00007ffbb3290000 - 0x00007ffbb3309000 	C:\WINDOWS\System32\bcryptPrimitives.dll
0x00007ffb92270000 - 0x00007ffb92295000 	C:\Program Files\JetBrains\IntelliJ IDEA Community Edition 2022.3.2\jbr\bin\java.dll

dbghelp: loaded successfully - version: 4.0.5 - missing functions: none
symbol engine: initialized successfully - sym options: 0x614 - pdb path: .;C:\Program Files\JetBrains\IntelliJ IDEA Community Edition 2022.3.2\jbr\bin;C:\WINDOWS\SYSTEM32;C:\WINDOWS\WinSxS\amd64_microsoft.windows.common-controls_6595b64144ccf1df_6.0.22621.3527_none_270e469b73872a76;C:\Program Files\JetBrains\IntelliJ IDEA Community Edition 2022.3.2\jbr\bin\server

VM Arguments:
java_command: git4idea.http.GitAskPassApp Username for 'https://github.com': 
java_class_path (initial): C:/Program Files/JetBrains/IntelliJ IDEA Community Edition 2022.3.2/plugins/vcs-git/lib/git4idea-rt.jar;C:/Program Files/JetBrains/IntelliJ IDEA Community Edition 2022.3.2/lib/externalProcess-rt.jar;C:/Program Files/JetBrains/IntelliJ IDEA Community Edition 2022.3.2/lib/app.jar;C:/Program Files/JetBrains/IntelliJ IDEA Community Edition 2022.3.2/lib/3rd-party-rt.jar
Launcher Type: SUN_STANDARD

[Global flags]
     intx CICompilerCount                          = 12                                        {product} {ergonomic}
     uint ConcGCThreads                            = 3                                         {product} {ergonomic}
     uint G1ConcRefinementThreads                  = 13                                        {product} {ergonomic}
   size_t G1HeapRegionSize                         = 1048576                                   {product} {ergonomic}
    uintx GCDrainStackTargetSize                   = 64                                        {product} {ergonomic}
   size_t InitialHeapSize                          = 125829120                                 {product} {ergonomic}
   size_t MarkStackSize                            = 4194304                                   {product} {ergonomic}
   size_t MaxHeapSize                              = 2000683008                                {product} {ergonomic}
   size_t MinHeapDeltaBytes                        = 1048576                                   {product} {ergonomic}
   size_t MinHeapSize                              = 8388608                                   {product} {ergonomic}
    uintx NonNMethodCodeHeapSize                   = 7602480                                {pd product} {ergonomic}
    uintx NonProfiledCodeHeapSize                  = 122027880                              {pd product} {ergonomic}
    uintx ProfiledCodeHeapSize                     = 122027880                              {pd product} {ergonomic}
    uintx ReservedCodeCacheSize                    = 251658240                              {pd product} {ergonomic}
     bool SegmentedCodeCache                       = true                                      {product} {ergonomic}
   size_t SoftMaxHeapSize                          = 2000683008                             {manageable} {ergonomic}
     bool UseCompressedClassPointers               = true                           {product lp64_product} {ergonomic}
     bool UseCompressedOops                        = true                           {product lp64_product} {ergonomic}
     bool UseG1GC                                  = true                                      {product} {ergonomic}
     bool UseLargePagesIndividualAllocation        = false                                  {pd product} {ergonomic}

Logging:
Log output configuration:
 #0: stdout all=warning uptime,level,tags
 #1: stderr all=off uptime,level,tags

Environment Variables:
JAVA_HOME=C:\Program Files\Java\jdk-17
PATH=C:/Program Files/Git/mingw64/libexec/git-core;C:/Program Files/Git/mingw64/libexec/git-core;C:\Program Files\Git\mingw64\bin;C:\Program Files\Git\usr\bin;C:\Users\guofe\bin;C:\Program Files\Common Files\Oracle\Java\javapath;C:\Program Files (x86)\Common Files\Oracle\Java\javapath;C:\Program Files (x86)\VMware\VMware Workstation\bin\;C:\WINDOWS\system32;C:\WINDOWS;C:\WINDOWS\System32\Wbem;C:\WINDOWS\System32\WindowsPowerShell\v1.0\;C:\WINDOWS\System32\OpenSSH\;C:\Gradle\gradle-7.6\bin;C:\Program Files\Java\jdk-17\bin;C:\apache-maven-3.9.0\bin;C:\Program Files\MySQL\MySQL Server 8.0\bin;C:\Program Files (x86)\NetSarang\Xshell 7\;C:\Program Files (x86)\NetSarang\Xftp 7\;C:\Program Files\Docker\Docker\resources\bin;C:\ProgramData\chocolatey\bin;C:\Program Files\dotnet\;C:\Users\guofe\AppData\Local\Microsoft\WindowsApps;C:\Users\guofe\AppData\Local\GitHubDesktop\bin;C:\Users\guofe\AppData\Local\Programs\Fiddler;C:\Users\guofe\AppData\Local\Programs\Microsoft VS Code\bin
USERNAME=guofe
DISPLAY=:0.0
LC_ALL=en_US.UTF-8
TERM=xterm-256color
TMPDIR=C:\Users\guofe\AppData\Local\Temp
OS=Windows_NT
PROCESSOR_IDENTIFIER=AMD64 Family 23 Model 96 Stepping 1, AuthenticAMD
TMP=C:\Users\guofe\AppData\Local\Temp
TEMP=C:\Users\guofe\AppData\Local\Temp



---------------  S Y S T E M  ---------------

OS:
 Windows 11 , 64 bit Build 22621 (10.0.22621.3527)
OS uptime: 5 days 11:10 hours
Hyper-V role detected

CPU: total 16 (initial active 16) (16 cores per cpu, 2 threads per core) family 23 model 96 stepping 1 microcode 0x0, cx8, cmov, fxsr, ht, mmx, 3dnowpref, sse, sse2, sse3, ssse3, sse4a, sse4.1, sse4.2, popcnt, lzcnt, tsc, tscinvbit, avx, avx2, aes, clmul, bmi1, bmi2, adx, sha, fma, vzeroupper, clflush, clflushopt, hv

Memory: 4k page, system-wide physical 7631M (974M free)
TotalPageFile size 31183M (AvailPageFile size 88M)
current process WorkingSet (physical memory assigned to process): 11M, peak: 11M
current process commit charge ("private bytes"): 70M, peak: 190M

vm_info: OpenJDK 64-Bit Server VM (17.0.5+1-b653.25) for windows-amd64 JRE (17.0.5+1-b653.25), built on 2023-01-04 by "builduser" with MS VC++ 16.10 / 16.11 (VS2019)

END.
